Performing C SOURCE FILE Test CMAKE_HAVE_LIBC_PTHREAD failed with the following output:
Change Dir: /home/niujh/games101/pa8/build/CMakeFiles/CMakeTmp

Run Build Command(s):/usr/bin/make cmTC_0de3c/fast && /usr/bin/make -f CMakeFiles/cmTC_0de3c.dir/build.make CMakeFiles/cmTC_0de3c.dir/build
make[1]: 进入目录“/home/niujh/games101/pa8/build/CMakeFiles/CMakeTmp”
Building C object CMakeFiles/cmTC_0de3c.dir/src.c.o
/usr/bin/cc   -DCMAKE_HAVE_LIBC_PTHREAD   -o CMakeFiles/cmTC_0de3c.dir/src.c.o   -c /home/niujh/games101/pa8/build/CMakeFiles/CMakeTmp/src.c
Linking C executable cmTC_0de3c
/usr/bin/cmake -E cmake_link_script CMakeFiles/cmTC_0de3c.dir/link.txt --verbose=1
/usr/bin/cc  -DCMAKE_HAVE_LIBC_PTHREAD    -rdynamic CMakeFiles/cmTC_0de3c.dir/src.c.o  -o cmTC_0de3c 
/usr/bin/ld: CMakeFiles/cmTC_0de3c.dir/src.c.o: in function `main':
src.c:(.text+0x46): undefined reference to `pthread_create'
/usr/bin/ld: src.c:(.text+0x52): undefined reference to `pthread_detach'
/usr/bin/ld: src.c:(.text+0x63): undefined reference to `pthread_join'
collect2: error: ld returned 1 exit status
make[1]: *** [CMakeFiles/cmTC_0de3c.dir/build.make:87：cmTC_0de3c] 错误 1
make[1]: 离开目录“/home/niujh/games101/pa8/build/CMakeFiles/CMakeTmp”
make: *** [Makefile:121：cmTC_0de3c/fast] 错误 2


Source file was:
#include <pthread.h>

void* test_func(void* data)
{
  return data;
}

int main(void)
{
  pthread_t thread;
  pthread_create(&thread, NULL, test_func, NULL);
  pthread_detach(thread);
  pthread_join(thread, NULL);
  pthread_atfork(NULL, NULL, NULL);
  pthread_exit(NULL);

  return 0;
}

Determining if the function pthread_create exists in the pthreads failed with the following output:
Change Dir: /home/niujh/games101/pa8/build/CMakeFiles/CMakeTmp

Run Build Command(s):/usr/bin/make cmTC_bc993/fast && /usr/bin/make -f CMakeFiles/cmTC_bc993.dir/build.make CMakeFiles/cmTC_bc993.dir/build
make[1]: 进入目录“/home/niujh/games101/pa8/build/CMakeFiles/CMakeTmp”
Building C object CMakeFiles/cmTC_bc993.dir/CheckFunctionExists.c.o
/usr/bin/cc   -DCHECK_FUNCTION_EXISTS=pthread_create   -o CMakeFiles/cmTC_bc993.dir/CheckFunctionExists.c.o   -c /usr/share/cmake-3.16/Modules/CheckFunctionExists.c
Linking C executable cmTC_bc993
/usr/bin/cmake -E cmake_link_script CMakeFiles/cmTC_bc993.dir/link.txt --verbose=1
/usr/bin/cc  -DCHECK_FUNCTION_EXISTS=pthread_create    -rdynamic CMakeFiles/cmTC_bc993.dir/CheckFunctionExists.c.o  -o cmTC_bc993  -lpthreads 
/usr/bin/ld: 找不到 -lpthreads
collect2: error: ld returned 1 exit status
make[1]: *** [CMakeFiles/cmTC_bc993.dir/build.make:87：cmTC_bc993] 错误 1
make[1]: 离开目录“/home/niujh/games101/pa8/build/CMakeFiles/CMakeTmp”
make: *** [Makefile:121：cmTC_bc993/fast] 错误 2



Determining if the function glXGetProcAddressEXT exists failed with the following output:
Change Dir: /home/niujh/games101/pa8/build/CMakeFiles/CMakeTmp

Run Build Command(s):/usr/bin/make cmTC_33ba7/fast && /usr/bin/make -f CMakeFiles/cmTC_33ba7.dir/build.make CMakeFiles/cmTC_33ba7.dir/build
make[1]: 进入目录“/home/niujh/games101/pa8/build/CMakeFiles/CMakeTmp”
Building C object CMakeFiles/cmTC_33ba7.dir/CheckFunctionExists.c.o
/usr/bin/cc   -DCHECK_FUNCTION_EXISTS=glXGetProcAddressEXT   -o CMakeFiles/cmTC_33ba7.dir/CheckFunctionExists.c.o   -c /usr/share/cmake-3.16/Modules/CheckFunctionExists.c
Linking C executable cmTC_33ba7
/usr/bin/cmake -E cmake_link_script CMakeFiles/cmTC_33ba7.dir/link.txt --verbose=1
/usr/bin/cc  -DCHECK_FUNCTION_EXISTS=glXGetProcAddressEXT    -rdynamic CMakeFiles/cmTC_33ba7.dir/CheckFunctionExists.c.o  -o cmTC_33ba7  /usr/lib/x86_64-linux-gnu/libGL.so 
/usr/bin/ld: CMakeFiles/cmTC_33ba7.dir/CheckFunctionExists.c.o: in function `main':
CheckFunctionExists.c:(.text+0x14): undefined reference to `glXGetProcAddressEXT'
collect2: error: ld returned 1 exit status
make[1]: *** [CMakeFiles/cmTC_33ba7.dir/build.make:88：cmTC_33ba7] 错误 1
make[1]: 离开目录“/home/niujh/games101/pa8/build/CMakeFiles/CMakeTmp”
make: *** [Makefile:121：cmTC_33ba7/fast] 错误 2



